Collecting pykrx==1.0.47
  Using cached pykrx-1.0.47-py3-none-any.whl.metadata (60 kB)
Collecting requests (from pykrx==1.0.47)
  Using cached requests-2.32.5-py3-none-any.whl.metadata (4.9 kB)
Collecting pandas (from pykrx==1.0.47)
  Using cached pandas-2.3.3-cp313-cp313-win_amd64.whl.metadata (19 kB)
Collecting datetime (from pykrx==1.0.47)
  Using cached DateTime-5.5-py3-none-any.whl.metadata (33 kB)
Collecting numpy (from pykrx==1.0.47)
  Using cached numpy-2.3.5-cp313-cp313-win_amd64.whl.metadata (60 kB)
Collecting xlrd (from pykrx==1.0.47)
  Using cached xlrd-2.0.2-py2.py3-none-any.whl.metadata (3.5 kB)
Collecting deprecated (from pykrx==1.0.47)
  Using cached deprecated-1.3.1-py2.py3-none-any.whl.metadata (5.9 kB)
Collecting multipledispatch (from pykrx==1.0.47)
  Using cached multipledispatch-1.0.0-py3-none-any.whl.metadata (3.8 kB)
Collecting matplotlib (from pykrx==1.0.47)
  Using cached matplotlib-3.10.7-cp313-cp313-win_amd64.whl.metadata (11 kB)
Collecting zope.interface (from datetime->pykrx==1.0.47)
  Downloading zope_interface-8.1.1-cp313-cp313-win_amd64.whl.metadata (46 kB)
Collecting pytz (from datetime->pykrx==1.0.47)
  Using cached pytz-2025.2-py2.py3-none-any.whl.metadata (22 kB)
Collecting wrapt<3,>=1.10 (from deprecated->pykrx==1.0.47)
  Using cached wrapt-2.0.1-cp313-cp313-win_amd64.whl.metadata (9.2 kB)
Collecting contourpy>=1.0.1 (from matplotlib->pykrx==1.0.47)
  Using cached contourpy-1.3.3-cp313-cp313-win_amd64.whl.metadata (5.5 kB)
Collecting cycler>=0.10 (from matplotlib->pykrx==1.0.47)
  Using cached cycler-0.12.1-py3-none-any.whl.metadata (3.8 kB)
Collecting fonttools>=4.22.0 (from matplotlib->pykrx==1.0.47)
  Using cached fonttools-4.60.1-cp313-cp313-win_amd64.whl.metadata (114 kB)
Collecting kiwisolver>=1.3.1 (from matplotlib->pykrx==1.0.47)
  Using cached kiwisolver-1.4.9-cp313-cp313-win_amd64.whl.metadata (6.4 kB)
Collecting packaging>=20.0 (from matplotlib->pykrx==1.0.47)
  Using cached packaging-25.0-py3-none-any.whl.metadata (3.3 kB)
Collecting pillow>=8 (from matplotlib->pykrx==1.0.47)
  Using cached pillow-12.0.0-cp313-cp313-win_amd64.whl.metadata (9.0 kB)
Collecting pyparsing>=3 (from matplotlib->pykrx==1.0.47)
  Using cached pyparsing-3.2.5-py3-none-any.whl.metadata (5.0 kB)
Collecting python-dateutil>=2.7 (from matplotlib->pykrx==1.0.47)
  Using cached python_dateutil-2.9.0.post0-py2.py3-none-any.whl.metadata (8.4 kB)
Collecting six>=1.5 (from python-dateutil>=2.7->matplotlib->pykrx==1.0.47)
  Using cached six-1.17.0-py2.py3-none-any.whl.metadata (1.7 kB)
Collecting tzdata>=2022.7 (from pandas->pykrx==1.0.47)
  Using cached tzdata-2025.2-py2.py3-none-any.whl.metadata (1.4 kB)
Collecting charset_normalizer<4,>=2 (from requests->pykrx==1.0.47)
  Downloading charset_normalizer-3.4.4-cp313-cp313-win_amd64.whl.metadata (38 kB)
Collecting idna<4,>=2.5 (from requests->pykrx==1.0.47)
  Using cached idna-3.11-py3-none-any.whl.metadata (8.4 kB)
Collecting urllib3<3,>=1.21.1 (from requests->pykrx==1.0.47)
  Using cached urllib3-2.5.0-py3-none-any.whl.metadata (6.5 kB)
Collecting certifi>=2017.4.17 (from requests->pykrx==1.0.47)
  Downloading certifi-2025.11.12-py3-none-any.whl.metadata (2.5 kB)
Using cached pykrx-1.0.47-py3-none-any.whl (2.2 MB)
Using cached DateTime-5.5-py3-none-any.whl (52 kB)
Using cached deprecated-1.3.1-py2.py3-none-any.whl (11 kB)
Using cached wrapt-2.0.1-cp313-cp313-win_amd64.whl (60 kB)
Using cached matplotlib-3.10.7-cp313-cp313-win_amd64.whl (8.1 MB)
Using cached contourpy-1.3.3-cp313-cp313-win_amd64.whl (226 kB)
Using cached cycler-0.12.1-py3-none-any.whl (8.3 kB)
Using cached fonttools-4.60.1-cp313-cp313-win_amd64.whl (2.3 MB)
Using cached kiwisolver-1.4.9-cp313-cp313-win_amd64.whl (73 kB)
Downloading numpy-2.3.5-cp313-cp313-win_amd64.whl (12.8 MB)
Using cached packaging-25.0-py3-none-any.whl (66 kB)
Using cached pillow-12.0.0-cp313-cp313-win_amd64.whl (7.0 MB)
Using cached pyparsing-3.2.5-py3-none-any.whl (113 kB)
Using cached python_dateutil-2.9.0.post0-py2.py3-none-any.whl (229 kB)
Using cached six-1.17.0-py2.py3-none-any.whl (11 kB)
Using cached multipledispatch-1.0.0-py3-none-any.whl (12 kB)
Using cached pandas-2.3.3-cp313-cp313-win_amd64.whl (11.0 MB)
Using cached pytz-2025.2-py2.py3-none-any.whl (509 kB)
Using cached tzdata-2025.2-py2.py3-none-any.whl (347 kB)
Using cached requests-2.32.5-py3-none-any.whl (64 kB)
Downloading charset_normalizer-3.4.4-cp313-cp313-win_amd64.whl (107 kB)
Using cached idna-3.11-py3-none-any.whl (71 kB)
Using cached urllib3-2.5.0-py3-none-any.whl (129 kB)
Downloading certifi-2025.11.12-py3-none-any.whl (159 kB)
Using cached xlrd-2.0.2-py2.py3-none-any.whl (96 kB)
Downloading zope_interface-8.1.1-cp313-cp313-win_amd64.whl (212 kB)
Installing collected packages: pytz, multipledispatch, zope.interface, xlrd, wrapt, urllib3, tzdata, six, pyparsing, pillow, packaging, numpy, kiwisolver, idna, fonttools, cycler, charset_normalizer, certifi, requests, python-dateutil, deprecated, datetime, contourpy, pandas, matplotlib, pykrx
  Attempting uninstall: pytz
    Found existing installation: pytz 2025.2
    Uninstalling pytz-2025.2:
      Successfully uninstalled pytz-2025.2
  Attempting uninstall: multipledispatch
    Found existing installation: multipledispatch 1.0.0
    Uninstalling multipledispatch-1.0.0:
      Successfully uninstalled multipledispatch-1.0.0
  Attempting uninstall: zope.interface
    Found existing installation: zope.interface 8.0.1
    Uninstalling zope.interface-8.0.1:
      Successfully uninstalled zope.interface-8.0.1
  Attempting uninstall: xlrd
    Found existing installation: xlrd 2.0.2
    Uninstalling xlrd-2.0.2:
      Successfully uninstalled xlrd-2.0.2
  Attempting uninstall: wrapt
    Found existing installation: wrapt 2.0.1
    Uninstalling wrapt-2.0.1:
      Successfully uninstalled wrapt-2.0.1
  Attempting uninstall: urllib3
    Found existing installation: urllib3 2.5.0
    Uninstalling urllib3-2.5.0:
      Successfully uninstalled urllib3-2.5.0
  Attempting uninstall: tzdata
    Found existing installation: tzdata 2025.2
    Uninstalling tzdata-2025.2:
      Successfully uninstalled tzdata-2025.2
  Attempting uninstall: six
    Found existing installation: six 1.17.0
    Uninstalling six-1.17.0:
      Successfully uninstalled six-1.17.0
  Attempting uninstall: pyparsing
    Found existing installation: pyparsing 3.2.4
    Uninstalling pyparsing-3.2.4:
      Successfully uninstalled pyparsing-3.2.4
  Attempting uninstall: pillow
    Found existing installation: pillow 12.0.0
    Uninstalling pillow-12.0.0:
      Successfully uninstalled pillow-12.0.0
  Attempting uninstall: packaging
    Found existing installation: packaging 25.0
    Uninstalling packaging-25.0:
      Successfully uninstalled packaging-25.0
  Attempting uninstall: numpy
    Found existing installation: numpy 2.2.6
    Uninstalling numpy-2.2.6:
      Successfully uninstalled numpy-2.2.6
  Rolling back uninstall of numpy
  Moving to c:\users\slk\appdata\local\programs\python\python313\lib\site-packages\numpy-2.2.6-cp313-cp313-win_amd64.whl
   from C:\Users\slk\AppData\Local\Temp\pip-uninstall-oq6cnn6x\numpy-2.2.6-cp313-cp313-win_amd64.whl
  Moving to c:\users\slk\appdata\local\programs\python\python313\lib\site-packages\numpy-2.2.6.dist-info\
   from C:\Users\slk\AppData\Local\Programs\Python\Python313\Lib\site-packages\~umpy-2.2.6.dist-info
  Moving to c:\users\slk\appdata\local\programs\python\python313\lib\site-packages\numpy.libs\
   from C:\Users\slk\AppData\Local\Programs\Python\Python313\Lib\site-packages\~umpy.libs
  Moving to c:\users\slk\appdata\local\programs\python\python313\lib\site-packages\numpy\
   from C:\Users\slk\AppData\Local\Programs\Python\Python313\Lib\site-packages\~umpy
  Moving to c:\users\slk\appdata\local\programs\python\python313\scripts\f2py.exe
   from C:\Users\slk\AppData\Local\Temp\pip-uninstall-rgfcstvr\f2py.exe
  Moving to c:\users\slk\appdata\local\programs\python\python313\scripts\numpy-config.exe
   from C:\Users\slk\AppData\Local\Temp\pip-uninstall-rgfcstvr\numpy-config.exe
pip exit 1
